<?xml version="1.0" encoding="UTF-8"?>
<!-- Generated by org.testng.reporters.JUnitReportReporter -->
<testsuite hostname="DESKTOP-JHUPKND" failures="0" tests="2" name="SSquareIt.SeleniumFramework.E2ETest" time="68.593" errors="0" timestamp="2024-07-15T21:25:10 IST" skipped="0">
  <testcase classname="SSquareIt.SeleniumFramework.E2ETest" name="endTOENDTest" time="33.921"/>
  <testcase classname="SSquareIt.SeleniumFramework.E2ETest" name="endTOENDTest" time="34.672"/>
</testsuite> <!-- SSquareIt.SeleniumFramework.E2ETest -->
